[debug] [2021-09-11T03:29:12.661Z] ----------------------------------------------------------------------
[debug] [2021-09-11T03:29:12.664Z] Command:       C:\Program Files\nodejs\node.exe C:\Users\bobby\AppData\Local\Yarn\Data\global\node_modules\firebase-tools\lib\bin\firebase.js emulators:start
[debug] [2021-09-11T03:29:12.664Z] CLI Version:   9.18.0
[debug] [2021-09-11T03:29:12.664Z] Platform:      win32
[debug] [2021-09-11T03:29:12.664Z] Node Version:  v14.17.5
[debug] [2021-09-11T03:29:12.665Z] Time:          Fri Sep 10 2021 22:29:12 GMT-0500 (Central Daylight Time)
[debug] [2021-09-11T03:29:12.665Z] ----------------------------------------------------------------------
[debug] 
[debug] [2021-09-11T03:29:12.755Z] > command requires scopes: ["email","openid","https://www.googleapis.com/auth/cloudplatformprojects.readonly","https://www.googleapis.com/auth/firebase","https://www.googleapis.com/auth/cloud-platform"]
[debug] [2021-09-11T03:29:12.756Z] > authorizing via signed-in user (bobbykeel76@gmail.com)
[info] i  emulators: Starting emulators: functions, hosting {"metadata":{"emulator":{"name":"hub"},"message":"Starting emulators: functions, hosting"}}
[debug] [2021-09-11T03:29:12.783Z] [hub] writing locator at C:\Users\bobby\AppData\Local\Temp\hub-clone-a2bb3.json
[warn] !  functions: The following emulators are not running, calls to these services from the Functions emulator will affect production: auth, firestore, database, pubsub, storage {"metadata":{"emulator":{"name":"functions"},"message":"The following emulators are not running, calls to these services from the Functions emulator will affect production: \u001b[1mauth, firestore, database, pubsub, storage\u001b[22m"}}
[info] +  functions: Using node@14 from host. {"metadata":{"emulator":{"name":"functions"},"message":"Using node@14 from host."}}
[debug] [2021-09-11T03:29:12.840Z] defaultcredentials: writing to file C:\Users\bobby\AppData\Roaming\firebase\bobbykeel76_gmail_com_application_default_credentials.json
[debug] [2021-09-11T03:29:12.843Z] Setting GAC to C:\Users\bobby\AppData\Roaming\firebase\bobbykeel76_gmail_com_application_default_credentials.json {"metadata":{"emulator":{"name":"functions"},"message":"Setting GAC to C:\\Users\\bobby\\AppData\\Roaming\\firebase\\bobbykeel76_gmail_com_application_default_credentials.json"}}
[debug] [2021-09-11T03:29:12.846Z] >>> [apiv2][query] GET https://firebase.googleapis.com/v1beta1/projects/clone-a2bb3/adminSdkConfig [none]
[debug] [2021-09-11T03:29:13.146Z] <<< [apiv2][status] GET https://firebase.googleapis.com/v1beta1/projects/clone-a2bb3/adminSdkConfig 200
[debug] [2021-09-11T03:29:13.146Z] <<< [apiv2][body] GET https://firebase.googleapis.com/v1beta1/projects/clone-a2bb3/adminSdkConfig {"projectId":"clone-a2bb3","storageBucket":"clone-a2bb3.appspot.com","locationId":"us-central"}
[debug] [2021-09-11T03:29:13.164Z] >>> [apiv2][query] GET https://firebasehosting.googleapis.com/v1beta1/projects/clone-a2bb3/sites 
[debug] [2021-09-11T03:29:13.508Z] <<< [apiv2][status] GET https://firebasehosting.googleapis.com/v1beta1/projects/clone-a2bb3/sites 200
[debug] [2021-09-11T03:29:13.508Z] <<< [apiv2][body] GET https://firebasehosting.googleapis.com/v1beta1/projects/clone-a2bb3/sites {"sites":[{"name":"projects/836241323592/sites/clone-a2bb3","defaultUrl":"https://clone-a2bb3.web.app","appId":"1:836241323592:web:d592f7f1c7f584cd154a7d","type":"DEFAULT_SITE"}]}
[debug] [2021-09-11T03:29:13.509Z] >>> [apiv2][query] GET https://firebase.googleapis.com/v1beta1/projects/clone-a2bb3/webApps/1:836241323592:web:d592f7f1c7f584cd154a7d/config [none]
[debug] [2021-09-11T03:29:13.980Z] <<< [apiv2][status] GET https://firebase.googleapis.com/v1beta1/projects/clone-a2bb3/webApps/1:836241323592:web:d592f7f1c7f584cd154a7d/config 200
[debug] [2021-09-11T03:29:13.980Z] <<< [apiv2][body] GET https://firebase.googleapis.com/v1beta1/projects/clone-a2bb3/webApps/1:836241323592:web:d592f7f1c7f584cd154a7d/config {"projectId":"clone-a2bb3","appId":"1:836241323592:web:d592f7f1c7f584cd154a7d","storageBucket":"clone-a2bb3.appspot.com","locationId":"us-central","apiKey":"AIzaSyBJHSI5v6q0n9wTOsZrMn7xrj4ktByaR8c","authDomain":"clone-a2bb3.firebaseapp.com","messagingSenderId":"836241323592","measurementId":"G-J3MYNQYKSN"}
[info] i  hosting: Serving hosting files from: build {"metadata":{"emulator":{"name":"hosting"},"message":"Serving hosting files from: \u001b[1mbuild\u001b[22m"}}
[info] +  hosting: Local server: http://localhost:5000 {"metadata":{"emulator":{"name":"hosting"},"message":"Local server: \u001b[4m\u001b[1mhttp://localhost:5000\u001b[22m\u001b[24m"}}
[debug] [2021-09-11T03:29:14.009Z] Ignoring unsupported arg: auto_download {"metadata":{"emulator":{"name":"ui"},"message":"Ignoring unsupported arg: auto_download"}}
[debug] [2021-09-11T03:29:14.010Z] Ignoring unsupported arg: port {"metadata":{"emulator":{"name":"ui"},"message":"Ignoring unsupported arg: port"}}
[debug] [2021-09-11T03:29:14.010Z] Starting Emulator UI with command {"binary":"node","args":["C:\\Users\\bobby\\.cache\\firebase\\emulators\\ui-v1.6.3\\server.bundle.js"],"optionalArgs":[],"joinArgs":false} {"metadata":{"emulator":{"name":"ui"},"message":"Starting Emulator UI with command {\"binary\":\"node\",\"args\":[\"C:\\\\Users\\\\bobby\\\\.cache\\\\firebase\\\\emulators\\\\ui-v1.6.3\\\\server.bundle.js\"],\"optionalArgs\":[],\"joinArgs\":false}"}}
[info] i  ui: Emulator UI logging to ui-debug.log {"metadata":{"emulator":{"name":"ui"},"message":"Emulator UI logging to \u001b[1mui-debug.log\u001b[22m"}}
[debug] [2021-09-11T03:29:14.158Z] Web / API server started at localhost:4000
 {"metadata":{"emulator":{"name":"ui"},"message":"Web / API server started at localhost:4000\n"}}
[info] i  functions: Watching "C:\Users\bobby\OneDrive\Desktop\AmazonClone\amazon-clone\functions" for Cloud Functions... {"metadata":{"emulator":{"name":"functions"},"message":"Watching \"C:\\Users\\bobby\\OneDrive\\Desktop\\AmazonClone\\amazon-clone\\functions\" for Cloud Functions..."}}
[debug] [2021-09-11T03:29:14.289Z] [worker-pool] addWorker(~diagnostic~) {"metadata":{"emulator":{"name":"functions"},"message":"[worker-pool] addWorker(~diagnostic~)"}}
[debug] [2021-09-11T03:29:14.290Z] [worker-pool] Adding worker with key ~diagnostic~, total=1 {"metadata":{"emulator":{"name":"functions"},"message":"[worker-pool] Adding worker with key ~diagnostic~, total=1"}}
[debug] [2021-09-11T03:29:14.290Z] [worker-pool] submitWork(triggerId=) {"metadata":{"emulator":{"name":"functions"},"message":"[worker-pool] submitWork(triggerId=)"}}
[debug] [2021-09-11T03:29:14.291Z] [worker-~diagnostic~-b01453ba-5f0e-4afa-b4b1-70125fb78e6a]: Assigning socketPath: \\?\pipe\C:\Users\bobby\OneDrive\Desktop\AmazonClone\amazon-clone\functions\19036 {"metadata":{"emulator":{"name":"functions"},"message":"[worker-~diagnostic~-b01453ba-5f0e-4afa-b4b1-70125fb78e6a]: Assigning socketPath: \\\\?\\pipe\\C:\\Users\\bobby\\OneDrive\\Desktop\\AmazonClone\\amazon-clone\\functions\\19036"}}
[debug] [2021-09-11T03:29:14.292Z] [worker-~diagnostic~-b01453ba-5f0e-4afa-b4b1-70125fb78e6a]: BUSY {"metadata":{"emulator":{"name":"functions"},"message":"[worker-~diagnostic~-b01453ba-5f0e-4afa-b4b1-70125fb78e6a]: BUSY"}}
[debug] [2021-09-11T03:29:14.869Z] [runtime-status] [19036] Functions runtime initialized. {"cwd":"C:\\Users\\bobby\\OneDrive\\Desktop\\AmazonClone\\amazon-clone\\functions","node_version":"14.17.5"} {"metadata":{"emulator":{"name":"functions"},"message":"[runtime-status] [19036] Functions runtime initialized. {\"cwd\":\"C:\\\\Users\\\\bobby\\\\OneDrive\\\\Desktop\\\\AmazonClone\\\\amazon-clone\\\\functions\",\"node_version\":\"14.17.5\"}"}}
[debug] [2021-09-11T03:29:14.873Z] [runtime-status] [19036] Disabled runtime features: undefined {"metadata":{"emulator":{"name":"functions"},"message":"[runtime-status] [19036] Disabled runtime features: undefined"}}
[debug] [2021-09-11T03:29:14.882Z] [runtime-status] [19036] Resolved module firebase-admin {"declared":true,"installed":true,"version":"9.11.1","resolution":"C:\\Users\\bobby\\OneDrive\\Desktop\\AmazonClone\\amazon-clone\\functions\\node_modules\\firebase-admin\\lib\\index.js"} {"metadata":{"emulator":{"name":"functions"},"message":"[runtime-status] [19036] Resolved module firebase-admin {\"declared\":true,\"installed\":true,\"version\":\"9.11.1\",\"resolution\":\"C:\\\\Users\\\\bobby\\\\OneDrive\\\\Desktop\\\\AmazonClone\\\\amazon-clone\\\\functions\\\\node_modules\\\\firebase-admin\\\\lib\\\\index.js\"}"}}
[debug] [2021-09-11T03:29:14.886Z] [runtime-status] [19036] Resolved module firebase-functions {"declared":true,"installed":true,"version":"3.15.5","resolution":"C:\\Users\\bobby\\OneDrive\\Desktop\\AmazonClone\\amazon-clone\\functions\\node_modules\\firebase-functions\\lib\\index.js"} {"metadata":{"emulator":{"name":"functions"},"message":"[runtime-status] [19036] Resolved module firebase-functions {\"declared\":true,\"installed\":true,\"version\":\"3.15.5\",\"resolution\":\"C:\\\\Users\\\\bobby\\\\OneDrive\\\\Desktop\\\\AmazonClone\\\\amazon-clone\\\\functions\\\\node_modules\\\\firebase-functions\\\\lib\\\\index.js\"}"}}
[debug] [2021-09-11T03:29:14.888Z] [runtime-status] [19036] Resolved module firebase-functions {"declared":true,"installed":true,"version":"3.15.5","resolution":"C:\\Users\\bobby\\OneDrive\\Desktop\\AmazonClone\\amazon-clone\\functions\\node_modules\\firebase-functions\\lib\\index.js"} {"metadata":{"emulator":{"name":"functions"},"message":"[runtime-status] [19036] Resolved module firebase-functions {\"declared\":true,\"installed\":true,\"version\":\"3.15.5\",\"resolution\":\"C:\\\\Users\\\\bobby\\\\OneDrive\\\\Desktop\\\\AmazonClone\\\\amazon-clone\\\\functions\\\\node_modules\\\\firebase-functions\\\\lib\\\\index.js\"}"}}
[debug] [2021-09-11T03:29:14.891Z] [runtime-status] [19036] Outgoing network have been stubbed. [{"name":"http","status":"mocked"},{"name":"http","status":"mocked"},{"name":"https","status":"mocked"},{"name":"https","status":"mocked"},{"name":"net","status":"mocked"}] {"metadata":{"emulator":{"name":"functions"},"message":"[runtime-status] [19036] Outgoing network have been stubbed. [{\"name\":\"http\",\"status\":\"mocked\"},{\"name\":\"http\",\"status\":\"mocked\"},{\"name\":\"https\",\"status\":\"mocked\"},{\"name\":\"https\",\"status\":\"mocked\"},{\"name\":\"net\",\"status\":\"mocked\"}]"}}
[debug] [2021-09-11T03:29:14.892Z] [runtime-status] [19036] Resolved module firebase-functions {"declared":true,"installed":true,"version":"3.15.5","resolution":"C:\\Users\\bobby\\OneDrive\\Desktop\\AmazonClone\\amazon-clone\\functions\\node_modules\\firebase-functions\\lib\\index.js"} {"metadata":{"emulator":{"name":"functions"},"message":"[runtime-status] [19036] Resolved module firebase-functions {\"declared\":true,\"installed\":true,\"version\":\"3.15.5\",\"resolution\":\"C:\\\\Users\\\\bobby\\\\OneDrive\\\\Desktop\\\\AmazonClone\\\\amazon-clone\\\\functions\\\\node_modules\\\\firebase-functions\\\\lib\\\\index.js\"}"}}
[debug] [2021-09-11T03:29:14.959Z] [runtime-status] [19036] Checked functions.config() {"config":{}} {"metadata":{"emulator":{"name":"functions"},"message":"[runtime-status] [19036] Checked functions.config() {\"config\":{}}"}}
[debug] [2021-09-11T03:29:14.960Z] [runtime-status] [19036] firebase-functions has been stubbed. {"functionsResolution":{"declared":true,"installed":true,"version":"3.15.5","resolution":"C:\\Users\\bobby\\OneDrive\\Desktop\\AmazonClone\\amazon-clone\\functions\\node_modules\\firebase-functions\\lib\\index.js"}} {"metadata":{"emulator":{"name":"functions"},"message":"[runtime-status] [19036] firebase-functions has been stubbed. {\"functionsResolution\":{\"declared\":true,\"installed\":true,\"version\":\"3.15.5\",\"resolution\":\"C:\\\\Users\\\\bobby\\\\OneDrive\\\\Desktop\\\\AmazonClone\\\\amazon-clone\\\\functions\\\\node_modules\\\\firebase-functions\\\\lib\\\\index.js\"}}"}}
[debug] [2021-09-11T03:29:14.961Z] [runtime-status] [19036] Resolved module firebase-functions {"declared":true,"installed":true,"version":"3.15.5","resolution":"C:\\Users\\bobby\\OneDrive\\Desktop\\AmazonClone\\amazon-clone\\functions\\node_modules\\firebase-functions\\lib\\index.js"} {"metadata":{"emulator":{"name":"functions"},"message":"[runtime-status] [19036] Resolved module firebase-functions {\"declared\":true,\"installed\":true,\"version\":\"3.15.5\",\"resolution\":\"C:\\\\Users\\\\bobby\\\\OneDrive\\\\Desktop\\\\AmazonClone\\\\amazon-clone\\\\functions\\\\node_modules\\\\firebase-functions\\\\lib\\\\index.js\"}"}}
[debug] [2021-09-11T03:29:14.963Z] [runtime-status] [19036] Resolved module firebase-admin {"declared":true,"installed":true,"version":"9.11.1","resolution":"C:\\Users\\bobby\\OneDrive\\Desktop\\AmazonClone\\amazon-clone\\functions\\node_modules\\firebase-admin\\lib\\index.js"} {"metadata":{"emulator":{"name":"functions"},"message":"[runtime-status] [19036] Resolved module firebase-admin {\"declared\":true,\"installed\":true,\"version\":\"9.11.1\",\"resolution\":\"C:\\\\Users\\\\bobby\\\\OneDrive\\\\Desktop\\\\AmazonClone\\\\amazon-clone\\\\functions\\\\node_modules\\\\firebase-admin\\\\lib\\\\index.js\"}"}}
[debug] [2021-09-11T03:29:14.965Z] [runtime-status] [19036] Resolved module firebase-functions {"declared":true,"installed":true,"version":"3.15.5","resolution":"C:\\Users\\bobby\\OneDrive\\Desktop\\AmazonClone\\amazon-clone\\functions\\node_modules\\firebase-functions\\lib\\index.js"} {"metadata":{"emulator":{"name":"functions"},"message":"[runtime-status] [19036] Resolved module firebase-functions {\"declared\":true,\"installed\":true,\"version\":\"3.15.5\",\"resolution\":\"C:\\\\Users\\\\bobby\\\\OneDrive\\\\Desktop\\\\AmazonClone\\\\amazon-clone\\\\functions\\\\node_modules\\\\firebase-functions\\\\lib\\\\index.js\"}"}}
[debug] [2021-09-11T03:29:14.965Z] [runtime-status] [19036] firebase-admin has been stubbed. {"adminResolution":{"declared":true,"installed":true,"version":"9.11.1","resolution":"C:\\Users\\bobby\\OneDrive\\Desktop\\AmazonClone\\amazon-clone\\functions\\node_modules\\firebase-admin\\lib\\index.js"}} {"metadata":{"emulator":{"name":"functions"},"message":"[runtime-status] [19036] firebase-admin has been stubbed. {\"adminResolution\":{\"declared\":true,\"installed\":true,\"version\":\"9.11.1\",\"resolution\":\"C:\\\\Users\\\\bobby\\\\OneDrive\\\\Desktop\\\\AmazonClone\\\\amazon-clone\\\\functions\\\\node_modules\\\\firebase-admin\\\\lib\\\\index.js\"}}"}}
